<?xml version="1.0" encoding="UTF-8"?>
<testsuite name="UnitTest_tests.Test-20211201185421" tests="10" file="UnitTest_tests.py" time="9.433" timestamp="2021-12-01T18:55:17" failures="0" errors="0" skipped="0">
	<testcase classname="UnitTest_tests.Test" name="test1" time="7.661" timestamp="2021-12-01T18:55:16"/>
	<testcase classname="UnitTest_tests.Test" name="test10" time="0.293" timestamp="2021-12-01T18:55:16"/>
	<testcase classname="UnitTest_tests.Test" name="test2" time="0.321" timestamp="2021-12-01T18:55:16"/>
	<testcase classname="UnitTest_tests.Test" name="test3" time="0.298" timestamp="2021-12-01T18:55:17"/>
	<testcase classname="UnitTest_tests.Test" name="test4" time="0.283" timestamp="2021-12-01T18:55:17"/>
	<testcase classname="UnitTest_tests.Test" name="test5" time="0.147" timestamp="2021-12-01T18:55:17"/>
	<testcase classname="UnitTest_tests.Test" name="test6" time="0.241" timestamp="2021-12-01T18:55:17"/>
	<testcase classname="UnitTest_tests.Test" name="test7" time="0.071" timestamp="2021-12-01T18:55:17"/>
	<testcase classname="UnitTest_tests.Test" name="test8" time="0.023" timestamp="2021-12-01T18:55:17"/>
	<testcase classname="UnitTest_tests.Test" name="test9" time="0.095" timestamp="2021-12-01T18:55:17"/>
</testsuite>
