<?xml version="1.0" encoding="UTF-8"?>
<testsuite name="UnitTest_tests.Test-20211201185229" tests="10" file="UnitTest_tests.py" time="8.608" timestamp="2021-12-01T18:53:21" failures="0" errors="0" skipped="0">
	<testcase classname="UnitTest_tests.Test" name="test1" time="7.176" timestamp="2021-12-01T18:53:20"/>
	<testcase classname="UnitTest_tests.Test" name="test10" time="0.133" timestamp="2021-12-01T18:53:20"/>
	<testcase classname="UnitTest_tests.Test" name="test2" time="0.116" timestamp="2021-12-01T18:53:20"/>
	<testcase classname="UnitTest_tests.Test" name="test3" time="0.315" timestamp="2021-12-01T18:53:20"/>
	<testcase classname="UnitTest_tests.Test" name="test4" time="0.286" timestamp="2021-12-01T18:53:21"/>
	<testcase classname="UnitTest_tests.Test" name="test5" time="0.172" timestamp="2021-12-01T18:53:21"/>
	<testcase classname="UnitTest_tests.Test" name="test6" time="0.254" timestamp="2021-12-01T18:53:21"/>
	<testcase classname="UnitTest_tests.Test" name="test7" time="0.062" timestamp="2021-12-01T18:53:21"/>
	<testcase classname="UnitTest_tests.Test" name="test8" time="0.018" timestamp="2021-12-01T18:53:21"/>
	<testcase classname="UnitTest_tests.Test" name="test9" time="0.076" timestamp="2021-12-01T18:53:21"/>
</testsuite>
