<?xml version="1.0" encoding="UTF-8"?>
<testsuite name="UnitTest_tests.MLTest-20211201190310" tests="2" file="UnitTest_tests.py" time="47.375" timestamp="2021-12-01T19:04:17" failures="0" errors="0" skipped="0">
	<testcase classname="UnitTest_tests.MLTest" name="test_age" time="28.290" timestamp="2021-12-01T19:03:58"/>
	<testcase classname="UnitTest_tests.MLTest" name="test_gender" time="19.085" timestamp="2021-12-01T19:04:17"/>
</testsuite>
