<?xml version="1.0" encoding="UTF-8"?>
<testsuite name="UnitTest_tests.Test-20211201183258" tests="10" file="UnitTest_tests.py" time="8.042" timestamp="2021-12-01T18:33:23" failures="0" errors="0" skipped="0">
	<testcase classname="UnitTest_tests.Test" name="test1" time="6.797" timestamp="2021-12-01T18:33:21"/>
	<testcase classname="UnitTest_tests.Test" name="test10" time="0.065" timestamp="2021-12-01T18:33:21"/>
	<testcase classname="UnitTest_tests.Test" name="test2" time="0.064" timestamp="2021-12-01T18:33:21"/>
	<testcase classname="UnitTest_tests.Test" name="test3" time="0.171" timestamp="2021-12-01T18:33:22"/>
	<testcase classname="UnitTest_tests.Test" name="test4" time="0.161" timestamp="2021-12-01T18:33:22"/>
	<testcase classname="UnitTest_tests.Test" name="test5" time="0.174" timestamp="2021-12-01T18:33:22"/>
	<testcase classname="UnitTest_tests.Test" name="test6" time="0.433" timestamp="2021-12-01T18:33:22"/>
	<testcase classname="UnitTest_tests.Test" name="test7" time="0.059" timestamp="2021-12-01T18:33:23"/>
	<testcase classname="UnitTest_tests.Test" name="test8" time="0.013" timestamp="2021-12-01T18:33:23"/>
	<testcase classname="UnitTest_tests.Test" name="test9" time="0.105" timestamp="2021-12-01T18:33:23"/>
</testsuite>
