<?xml version="1.0" encoding="UTF-8"?>
<testsuite name="UnitTest_tests.Test-20211201182731" tests="10" file="UnitTest_tests.py" time="8.938" timestamp="2021-12-01T18:28:06" failures="0" errors="0" skipped="0">
	<testcase classname="UnitTest_tests.Test" name="test1" time="7.237" timestamp="2021-12-01T18:28:05"/>
	<testcase classname="UnitTest_tests.Test" name="test10" time="0.318" timestamp="2021-12-01T18:28:05"/>
	<testcase classname="UnitTest_tests.Test" name="test2" time="0.120" timestamp="2021-12-01T18:28:05"/>
	<testcase classname="UnitTest_tests.Test" name="test3" time="0.326" timestamp="2021-12-01T18:28:05"/>
	<testcase classname="UnitTest_tests.Test" name="test4" time="0.316" timestamp="2021-12-01T18:28:06"/>
	<testcase classname="UnitTest_tests.Test" name="test5" time="0.192" timestamp="2021-12-01T18:28:06"/>
	<testcase classname="UnitTest_tests.Test" name="test6" time="0.243" timestamp="2021-12-01T18:28:06"/>
	<testcase classname="UnitTest_tests.Test" name="test7" time="0.047" timestamp="2021-12-01T18:28:06"/>
	<testcase classname="UnitTest_tests.Test" name="test8" time="0.013" timestamp="2021-12-01T18:28:06"/>
	<testcase classname="UnitTest_tests.Test" name="test9" time="0.126" timestamp="2021-12-01T18:28:06"/>
</testsuite>
