<?xml version="1.0" encoding="UTF-8"?>
<testsuite name="UnitTest_tests.Test-20211201190310" tests="10" file="UnitTest_tests.py" time="12.884" timestamp="2021-12-01T19:04:30" failures="0" errors="0" skipped="0">
	<testcase classname="UnitTest_tests.Test" name="test1" time="11.416" timestamp="2021-12-01T19:04:28"/>
	<testcase classname="UnitTest_tests.Test" name="test10" time="0.232" timestamp="2021-12-01T19:04:28"/>
	<testcase classname="UnitTest_tests.Test" name="test2" time="0.102" timestamp="2021-12-01T19:04:28"/>
	<testcase classname="UnitTest_tests.Test" name="test3" time="0.306" timestamp="2021-12-01T19:04:29"/>
	<testcase classname="UnitTest_tests.Test" name="test4" time="0.218" timestamp="2021-12-01T19:04:29"/>
	<testcase classname="UnitTest_tests.Test" name="test5" time="0.165" timestamp="2021-12-01T19:04:29"/>
	<testcase classname="UnitTest_tests.Test" name="test6" time="0.294" timestamp="2021-12-01T19:04:29"/>
	<testcase classname="UnitTest_tests.Test" name="test7" time="0.059" timestamp="2021-12-01T19:04:30"/>
	<testcase classname="UnitTest_tests.Test" name="test8" time="0.013" timestamp="2021-12-01T19:04:30"/>
	<testcase classname="UnitTest_tests.Test" name="test9" time="0.079" timestamp="2021-12-01T19:04:30"/>
</testsuite>
