<?xml version="1.0" encoding="UTF-8"?>
<testsuite name="UnitTest_tests.MLTest-20211201185910" tests="2" file="UnitTest_tests.py" time="66.353" timestamp="2021-12-01T19:00:49" failures="0" errors="0" skipped="0">
	<testcase classname="UnitTest_tests.MLTest" name="test_age" time="36.066" timestamp="2021-12-01T19:00:19"/>
	<testcase classname="UnitTest_tests.MLTest" name="test_gender" time="30.287" timestamp="2021-12-01T19:00:49"/>
</testsuite>
