<?xml version="1.0" encoding="UTF-8"?>
<testsuite name="UnitTest_tests.Test-20211201193243" tests="10" file="UnitTest_tests.py" time="12.771" timestamp="2021-12-01T19:34:32" failures="0" errors="0" skipped="0">
	<testcase classname="UnitTest_tests.Test" name="test1" time="10.876" timestamp="2021-12-01T19:34:30"/>
	<testcase classname="UnitTest_tests.Test" name="test10" time="0.197" timestamp="2021-12-01T19:34:30"/>
	<testcase classname="UnitTest_tests.Test" name="test2" time="0.115" timestamp="2021-12-01T19:34:30"/>
	<testcase classname="UnitTest_tests.Test" name="test3" time="0.338" timestamp="2021-12-01T19:34:30"/>
	<testcase classname="UnitTest_tests.Test" name="test4" time="0.220" timestamp="2021-12-01T19:34:30"/>
	<testcase classname="UnitTest_tests.Test" name="test5" time="0.203" timestamp="2021-12-01T19:34:31"/>
	<testcase classname="UnitTest_tests.Test" name="test6" time="0.494" timestamp="2021-12-01T19:34:31"/>
	<testcase classname="UnitTest_tests.Test" name="test7" time="0.157" timestamp="2021-12-01T19:34:31"/>
	<testcase classname="UnitTest_tests.Test" name="test8" time="0.036" timestamp="2021-12-01T19:34:31"/>
	<testcase classname="UnitTest_tests.Test" name="test9" time="0.135" timestamp="2021-12-01T19:34:32"/>
</testsuite>
