<?xml version="1.0" encoding="UTF-8"?>
<testsuite name="UnitTest_tests.Test-20211202043705" tests="10" file="UnitTest_tests.py" time="13.161" timestamp="2021-12-02T04:39:23" failures="0" errors="0" skipped="0">
	<testcase classname="UnitTest_tests.Test" name="test1" time="11.206" timestamp="2021-12-02T04:39:21"/>
	<testcase classname="UnitTest_tests.Test" name="test10" time="0.108" timestamp="2021-12-02T04:39:21"/>
	<testcase classname="UnitTest_tests.Test" name="test2" time="0.093" timestamp="2021-12-02T04:39:21"/>
	<testcase classname="UnitTest_tests.Test" name="test3" time="0.312" timestamp="2021-12-02T04:39:22"/>
	<testcase classname="UnitTest_tests.Test" name="test4" time="0.220" timestamp="2021-12-02T04:39:22"/>
	<testcase classname="UnitTest_tests.Test" name="test5" time="0.206" timestamp="2021-12-02T04:39:22"/>
	<testcase classname="UnitTest_tests.Test" name="test6" time="0.453" timestamp="2021-12-02T04:39:22"/>
	<testcase classname="UnitTest_tests.Test" name="test7" time="0.420" timestamp="2021-12-02T04:39:23"/>
	<testcase classname="UnitTest_tests.Test" name="test8" time="0.023" timestamp="2021-12-02T04:39:23"/>
	<testcase classname="UnitTest_tests.Test" name="test9" time="0.119" timestamp="2021-12-02T04:39:23"/>
</testsuite>
