<?xml version="1.0" encoding="UTF-8"?>
<testsuite name="UnitTest_tests.MLTest-20211201185738" tests="2" file="UnitTest_tests.py" time="56.694" timestamp="2021-12-01T18:58:51" failures="0" errors="0" skipped="0">
	<testcase classname="UnitTest_tests.MLTest" name="test_age" time="27.835" timestamp="2021-12-01T18:58:23"/>
	<testcase classname="UnitTest_tests.MLTest" name="test_gender" time="28.858" timestamp="2021-12-01T18:58:51"/>
</testsuite>
