<?xml version="1.0" encoding="UTF-8"?>
<testsuite name="UnitTest_tests.Test-20211201173559" tests="10" file="UnitTest_tests.py" time="9.128" timestamp="2021-12-01T17:36:26" failures="0" errors="0" skipped="0">
	<testcase classname="UnitTest_tests.Test" name="test1" time="7.594" timestamp="2021-12-01T17:36:25"/>
	<testcase classname="UnitTest_tests.Test" name="test10" time="0.218" timestamp="2021-12-01T17:36:25"/>
	<testcase classname="UnitTest_tests.Test" name="test2" time="0.137" timestamp="2021-12-01T17:36:25"/>
	<testcase classname="UnitTest_tests.Test" name="test3" time="0.325" timestamp="2021-12-01T17:36:25"/>
	<testcase classname="UnitTest_tests.Test" name="test4" time="0.270" timestamp="2021-12-01T17:36:26"/>
	<testcase classname="UnitTest_tests.Test" name="test5" time="0.161" timestamp="2021-12-01T17:36:26"/>
	<testcase classname="UnitTest_tests.Test" name="test6" time="0.244" timestamp="2021-12-01T17:36:26"/>
	<testcase classname="UnitTest_tests.Test" name="test7" time="0.049" timestamp="2021-12-01T17:36:26"/>
	<testcase classname="UnitTest_tests.Test" name="test8" time="0.013" timestamp="2021-12-01T17:36:26"/>
	<testcase classname="UnitTest_tests.Test" name="test9" time="0.117" timestamp="2021-12-01T17:36:26"/>
</testsuite>
