<?xml version="1.0" encoding="UTF-8"?>
<testsuite name="UnitTest_tests.Test-20211201185738" tests="10" file="UnitTest_tests.py" time="12.745" timestamp="2021-12-01T18:59:04" failures="0" errors="0" skipped="0">
	<testcase classname="UnitTest_tests.Test" name="test1" time="11.320" timestamp="2021-12-01T18:59:03"/>
	<testcase classname="UnitTest_tests.Test" name="test10" time="0.185" timestamp="2021-12-01T18:59:03"/>
	<testcase classname="UnitTest_tests.Test" name="test2" time="0.105" timestamp="2021-12-01T18:59:03"/>
	<testcase classname="UnitTest_tests.Test" name="test3" time="0.238" timestamp="2021-12-01T18:59:03"/>
	<testcase classname="UnitTest_tests.Test" name="test4" time="0.189" timestamp="2021-12-01T18:59:04"/>
	<testcase classname="UnitTest_tests.Test" name="test5" time="0.233" timestamp="2021-12-01T18:59:04"/>
	<testcase classname="UnitTest_tests.Test" name="test6" time="0.262" timestamp="2021-12-01T18:59:04"/>
	<testcase classname="UnitTest_tests.Test" name="test7" time="0.081" timestamp="2021-12-01T18:59:04"/>
	<testcase classname="UnitTest_tests.Test" name="test8" time="0.019" timestamp="2021-12-01T18:59:04"/>
	<testcase classname="UnitTest_tests.Test" name="test9" time="0.113" timestamp="2021-12-01T18:59:04"/>
</testsuite>
